<html>
<head>
<title>TestNG:  Arith</title>
<link href="../testng.css" rel="stylesheet" type="text/css" />
<link href="../my-testng.css" rel="stylesheet" type="text/css" />

<style type="text/css">
.log { display: none;} 
.stack-trace { display: none;} 
</style>
<script type="text/javascript">
<!--
function flip(e) {
  current = e.style.display;
  if (current == 'block') {
    e.style.display = 'none';
    return 0;
  }
  else {
    e.style.display = 'block';
    return 1;
  }
}

function toggleBox(szDivId, elem, msg1, msg2)
{
  var res = -1;  if (document.getElementById) {
    res = flip(document.getElementById(szDivId));
  }
  else if (document.all) {
    // this is the way old msie versions work
    res = flip(document.all[szDivId]);
  }
  if(elem) {
    if(res == 0) elem.innerHTML = msg1; else elem.innerHTML = msg2;
  }

}

function toggleAllBoxes() {
  if (document.getElementsByTagName) {
    d = document.getElementsByTagName('div');
    for (i = 0; i < d.length; i++) {
      if (d[i].className == 'log') {
        flip(d[i]);
      }
    }
  }
}

// -->
</script>

</head>
<body>
<h2 align='center'>Arith</h2><table border='1' align="center">
<tr>
<td>Tests passed/Failed/Skipped:</td><td>29/4/0</td>
</tr><tr>
<td>Started on:</td><td>Wed Dec 20 10:37:51 MSK 2017</td>
</tr>
<tr><td>Total time:</td><td>0 seconds (25 ms)</td>
</tr><tr>
<td>Included groups:</td><td></td>
</tr><tr>
<td>Excluded groups:</td><td></td>
</tr>
</table><p/>
<small><i>(Hover the method name to see the test class name)</i></small><p/>
<table width='100%' border='1' class='invocation-failed'>
<tr><td colspan='4' align='center'><b>FAILED TESTS</b></td></tr>
<tr><td><b>Test method</b></td>
<td width="30%"><b>Exception</b></td>
<td width="10%"><b>Time (seconds)</b></td>
<td><b>Instance</b></td>
</tr>
<tr>
<td title='CalculatorMultTestDouble.MultiplyVerivfication()'><b>MultiplyVerivfication</b><br>Test class: CalculatorMultTestDouble<br>Parameters: 1.15, -3.18, -3.657</td>
<td><div><pre>java.lang.AssertionError: expected [-4.0] but found [-3.657]
	at org.testng.Assert.fail(Assert.java:94)
	at org.testng.Assert.failNotEquals(Assert.java:496)
	at org.testng.Assert.assertEquals(Assert.java:209)
	at org.testng.Assert.assertEquals(Assert.java:222)
	at CalculatorMultTestDouble.MultiplyVerivfication(CalculatorMultTestDouble.java:41)
	at sun.reflect.NativeMethodAccessorImpl.invoke0(Native Method)
	at sun.reflect.NativeMethodAccessorImpl.invoke(NativeMethodAccessorImpl.java:62)
	at sun.reflect.DelegatingMethodAccessorImpl.invoke(DelegatingMethodAccessorImpl.java:43)
	at java.lang.reflect.Method.invoke(Method.java:498)
	at org.testng.internal.MethodInvocationHelper.invokeMethod(MethodInvocationHelper.java:85)
	at org.testng.internal.Invoker.invokeMethod(Invoker.java:639)
	at org.testng.internal.Invoker.invokeTestMethod(Invoker.java:816)
	at org.testng.internal.Invoker.invokeTestMethods(Invoker.java:1124)
	at org.testng.internal.TestMethodWorker.invokeTestMethods(TestMethodWorker.java:125)
	at org.testng.internal.TestMethodWorker.run(TestMethodWorker.java:108)
	at java.util.concurrent.ThreadPoolExecutor.runWorker(ThreadPoolExecutor.java:1142)
	at java.util.concurrent.ThreadPoolExecutor$Worker.run(ThreadPoolExecutor.java:617)
	at java.lang.Thread.run(Thread.java:748)
</pre></div><a href='#' onClick='toggleBox("stack-trace32041985", this, "Click to show all stack frames", "Click to hide stack frames")'>Click to show all stack frames</a>
<div class='stack-trace' id='stack-trace32041985'><pre>java.lang.AssertionError: expected [-4.0] but found [-3.657]
	at org.testng.Assert.fail(Assert.java:94)
	at org.testng.Assert.failNotEquals(Assert.java:496)
	at org.testng.Assert.assertEquals(Assert.java:209)
	at org.testng.Assert.assertEquals(Assert.java:222)
	at CalculatorMultTestDouble.MultiplyVerivfication(CalculatorMultTestDouble.java:41)
	at sun.reflect.NativeMethodAccessorImpl.invoke0(Native Method)
	at sun.reflect.NativeMethodAccessorImpl.invoke(NativeMethodAccessorImpl.java:62)
	at sun.reflect.DelegatingMethodAccessorImpl.invoke(DelegatingMethodAccessorImpl.java:43)
	at java.lang.reflect.Method.invoke(Method.java:498)
	at org.testng.internal.MethodInvocationHelper.invokeMethod(MethodInvocationHelper.java:85)
	at org.testng.internal.Invoker.invokeMethod(Invoker.java:639)
	at org.testng.internal.Invoker.invokeTestMethod(Invoker.java:816)
	at org.testng.internal.Invoker.invokeTestMethods(Invoker.java:1124)
	at org.testng.internal.TestMethodWorker.invokeTestMethods(TestMethodWorker.java:125)
	at org.testng.internal.TestMethodWorker.run(TestMethodWorker.java:108)
	at java.util.concurrent.ThreadPoolExecutor.runWorker(ThreadPoolExecutor.java:1142)
	at java.util.concurrent.ThreadPoolExecutor$Worker.run(ThreadPoolExecutor.java:617)
	at java.lang.Thread.run(Thread.java:748)
</pre></div></td>
<td>0</td>
<td>CalculatorMultTestDouble@4fccd51b</td></tr>
<tr>
<td title='CalculatorMultTestDouble.MultiplyVerivfication()'><b>MultiplyVerivfication</b><br>Test class: CalculatorMultTestDouble<br>Parameters: 1.33, -7.5, -9.975</td>
<td><div><pre>java.lang.AssertionError: expected [-10.0] but found [-9.975]
	at org.testng.Assert.fail(Assert.java:94)
	at org.testng.Assert.failNotEquals(Assert.java:496)
	at org.testng.Assert.assertEquals(Assert.java:209)
	at org.testng.Assert.assertEquals(Assert.java:222)
	at CalculatorMultTestDouble.MultiplyVerivfication(CalculatorMultTestDouble.java:41)
	at sun.reflect.NativeMethodAccessorImpl.invoke0(Native Method)
	at sun.reflect.NativeMethodAccessorImpl.invoke(NativeMethodAccessorImpl.java:62)
	at sun.reflect.DelegatingMethodAccessorImpl.invoke(DelegatingMethodAccessorImpl.java:43)
	at java.lang.reflect.Method.invoke(Method.java:498)
	at org.testng.internal.MethodInvocationHelper.invokeMethod(MethodInvocationHelper.java:85)
	at org.testng.internal.Invoker.invokeMethod(Invoker.java:639)
	at org.testng.internal.Invoker.invokeTestMethod(Invoker.java:816)
	at org.testng.internal.Invoker.invokeTestMethods(Invoker.java:1124)
	at org.testng.internal.TestMethodWorker.invokeTestMethods(TestMethodWorker.java:125)
	at org.testng.internal.TestMethodWorker.run(TestMethodWorker.java:108)
	at java.util.concurrent.ThreadPoolExecutor.runWorker(ThreadPoolExecutor.java:1142)
	at java.util.concurrent.ThreadPoolExecutor$Worker.run(ThreadPoolExecutor.java:617)
	at java.lang.Thread.run(Thread.java:748)
</pre></div><a href='#' onClick='toggleBox("stack-trace1737966217", this, "Click to show all stack frames", "Click to hide stack frames")'>Click to show all stack frames</a>
<div class='stack-trace' id='stack-trace1737966217'><pre>java.lang.AssertionError: expected [-10.0] but found [-9.975]
	at org.testng.Assert.fail(Assert.java:94)
	at org.testng.Assert.failNotEquals(Assert.java:496)
	at org.testng.Assert.assertEquals(Assert.java:209)
	at org.testng.Assert.assertEquals(Assert.java:222)
	at CalculatorMultTestDouble.MultiplyVerivfication(CalculatorMultTestDouble.java:41)
	at sun.reflect.NativeMethodAccessorImpl.invoke0(Native Method)
	at sun.reflect.NativeMethodAccessorImpl.invoke(NativeMethodAccessorImpl.java:62)
	at sun.reflect.DelegatingMethodAccessorImpl.invoke(DelegatingMethodAccessorImpl.java:43)
	at java.lang.reflect.Method.invoke(Method.java:498)
	at org.testng.internal.MethodInvocationHelper.invokeMethod(MethodInvocationHelper.java:85)
	at org.testng.internal.Invoker.invokeMethod(Invoker.java:639)
	at org.testng.internal.Invoker.invokeTestMethod(Invoker.java:816)
	at org.testng.internal.Invoker.invokeTestMethods(Invoker.java:1124)
	at org.testng.internal.TestMethodWorker.invokeTestMethods(TestMethodWorker.java:125)
	at org.testng.internal.TestMethodWorker.run(TestMethodWorker.java:108)
	at java.util.concurrent.ThreadPoolExecutor.runWorker(ThreadPoolExecutor.java:1142)
	at java.util.concurrent.ThreadPoolExecutor$Worker.run(ThreadPoolExecutor.java:617)
	at java.lang.Thread.run(Thread.java:748)
</pre></div></td>
<td>0</td>
<td>CalculatorMultTestDouble@4fccd51b</td></tr>
<tr>
<td title='CalculatorPowerTest.PowerVerivfication()'><b>PowerVerivfication</b><br>Test class: CalculatorPowerTest<br>Parameters: 1.15, -1.3, 0.8338593590405347</td>
<td><div><pre>java.lang.AssertionError: expected [0.7561436672967865] but found [0.8338593590405347]
	at org.testng.Assert.fail(Assert.java:94)
	at org.testng.Assert.failNotEquals(Assert.java:496)
	at org.testng.Assert.assertEquals(Assert.java:209)
	at org.testng.Assert.assertEquals(Assert.java:222)
	at CalculatorPowerTest.PowerVerivfication(CalculatorPowerTest.java:37)
	at sun.reflect.NativeMethodAccessorImpl.invoke0(Native Method)
	at sun.reflect.NativeMethodAccessorImpl.invoke(NativeMethodAccessorImpl.java:62)
	at sun.reflect.DelegatingMethodAccessorImpl.invoke(DelegatingMethodAccessorImpl.java:43)
	at java.lang.reflect.Method.invoke(Method.java:498)
	at org.testng.internal.MethodInvocationHelper.invokeMethod(MethodInvocationHelper.java:85)
	at org.testng.internal.Invoker.invokeMethod(Invoker.java:639)
	at org.testng.internal.Invoker.invokeTestMethod(Invoker.java:816)
	at org.testng.internal.Invoker.invokeTestMethods(Invoker.java:1124)
	at org.testng.internal.TestMethodWorker.invokeTestMethods(TestMethodWorker.java:125)
	at org.testng.internal.TestMethodWorker.run(TestMethodWorker.java:108)
	at java.util.concurrent.ThreadPoolExecutor.runWorker(ThreadPoolExecutor.java:1142)
	at java.util.concurrent.ThreadPoolExecutor$Worker.run(ThreadPoolExecutor.java:617)
	at java.lang.Thread.run(Thread.java:748)
</pre></div><a href='#' onClick='toggleBox("stack-trace396652512", this, "Click to show all stack frames", "Click to hide stack frames")'>Click to show all stack frames</a>
<div class='stack-trace' id='stack-trace396652512'><pre>java.lang.AssertionError: expected [0.7561436672967865] but found [0.8338593590405347]
	at org.testng.Assert.fail(Assert.java:94)
	at org.testng.Assert.failNotEquals(Assert.java:496)
	at org.testng.Assert.assertEquals(Assert.java:209)
	at org.testng.Assert.assertEquals(Assert.java:222)
	at CalculatorPowerTest.PowerVerivfication(CalculatorPowerTest.java:37)
	at sun.reflect.NativeMethodAccessorImpl.invoke0(Native Method)
	at sun.reflect.NativeMethodAccessorImpl.invoke(NativeMethodAccessorImpl.java:62)
	at sun.reflect.DelegatingMethodAccessorImpl.invoke(DelegatingMethodAccessorImpl.java:43)
	at java.lang.reflect.Method.invoke(Method.java:498)
	at org.testng.internal.MethodInvocationHelper.invokeMethod(MethodInvocationHelper.java:85)
	at org.testng.internal.Invoker.invokeMethod(Invoker.java:639)
	at org.testng.internal.Invoker.invokeTestMethod(Invoker.java:816)
	at org.testng.internal.Invoker.invokeTestMethods(Invoker.java:1124)
	at org.testng.internal.TestMethodWorker.invokeTestMethods(TestMethodWorker.java:125)
	at org.testng.internal.TestMethodWorker.run(TestMethodWorker.java:108)
	at java.util.concurrent.ThreadPoolExecutor.runWorker(ThreadPoolExecutor.java:1142)
	at java.util.concurrent.ThreadPoolExecutor$Worker.run(ThreadPoolExecutor.java:617)
	at java.lang.Thread.run(Thread.java:748)
</pre></div></td>
<td>0</td>
<td>CalculatorPowerTest@44e81672</td></tr>
<tr>
<td title='CalculatorPowerTest.PowerVerivfication()'><b>PowerVerivfication</b><br>Test class: CalculatorPowerTest<br>Parameters: -1.15, 2.8, 2.65</td>
<td><div><pre>java.lang.AssertionError: expected [1.3224999999999998] but found [2.65]
	at org.testng.Assert.fail(Assert.java:94)
	at org.testng.Assert.failNotEquals(Assert.java:496)
	at org.testng.Assert.assertEquals(Assert.java:209)
	at org.testng.Assert.assertEquals(Assert.java:222)
	at CalculatorPowerTest.PowerVerivfication(CalculatorPowerTest.java:37)
	at sun.reflect.NativeMethodAccessorImpl.invoke0(Native Method)
	at sun.reflect.NativeMethodAccessorImpl.invoke(NativeMethodAccessorImpl.java:62)
	at sun.reflect.DelegatingMethodAccessorImpl.invoke(DelegatingMethodAccessorImpl.java:43)
	at java.lang.reflect.Method.invoke(Method.java:498)
	at org.testng.internal.MethodInvocationHelper.invokeMethod(MethodInvocationHelper.java:85)
	at org.testng.internal.Invoker.invokeMethod(Invoker.java:639)
	at org.testng.internal.Invoker.invokeTestMethod(Invoker.java:816)
	at org.testng.internal.Invoker.invokeTestMethods(Invoker.java:1124)
	at org.testng.internal.TestMethodWorker.invokeTestMethods(TestMethodWorker.java:125)
	at org.testng.internal.TestMethodWorker.run(TestMethodWorker.java:108)
	at java.util.concurrent.ThreadPoolExecutor.runWorker(ThreadPoolExecutor.java:1142)
	at java.util.concurrent.ThreadPoolExecutor$Worker.run(ThreadPoolExecutor.java:617)
	at java.lang.Thread.run(Thread.java:748)
</pre></div><a href='#' onClick='toggleBox("stack-trace1504406070", this, "Click to show all stack frames", "Click to hide stack frames")'>Click to show all stack frames</a>
<div class='stack-trace' id='stack-trace1504406070'><pre>java.lang.AssertionError: expected [1.3224999999999998] but found [2.65]
	at org.testng.Assert.fail(Assert.java:94)
	at org.testng.Assert.failNotEquals(Assert.java:496)
	at org.testng.Assert.assertEquals(Assert.java:209)
	at org.testng.Assert.assertEquals(Assert.java:222)
	at CalculatorPowerTest.PowerVerivfication(CalculatorPowerTest.java:37)
	at sun.reflect.NativeMethodAccessorImpl.invoke0(Native Method)
	at sun.reflect.NativeMethodAccessorImpl.invoke(NativeMethodAccessorImpl.java:62)
	at sun.reflect.DelegatingMethodAccessorImpl.invoke(DelegatingMethodAccessorImpl.java:43)
	at java.lang.reflect.Method.invoke(Method.java:498)
	at org.testng.internal.MethodInvocationHelper.invokeMethod(MethodInvocationHelper.java:85)
	at org.testng.internal.Invoker.invokeMethod(Invoker.java:639)
	at org.testng.internal.Invoker.invokeTestMethod(Invoker.java:816)
	at org.testng.internal.Invoker.invokeTestMethods(Invoker.java:1124)
	at org.testng.internal.TestMethodWorker.invokeTestMethods(TestMethodWorker.java:125)
	at org.testng.internal.TestMethodWorker.run(TestMethodWorker.java:108)
	at java.util.concurrent.ThreadPoolExecutor.runWorker(ThreadPoolExecutor.java:1142)
	at java.util.concurrent.ThreadPoolExecutor$Worker.run(ThreadPoolExecutor.java:617)
	at java.lang.Thread.run(Thread.java:748)
</pre></div></td>
<td>0</td>
<td>CalculatorPowerTest@44e81672</td></tr>
</table><p>
<table width='100%' border='1' class='invocation-passed'>
<tr><td colspan='4' align='center'><b>PASSED TESTS</b></td></tr>
<tr><td><b>Test method</b></td>
<td width="30%"><b>Exception</b></td>
<td width="10%"><b>Time (seconds)</b></td>
<td><b>Instance</b></td>
</tr>
<tr>
<td title='CalculatorDivTest.DivisionByZeroVerivfication()'><b>DivisionByZeroVerivfication</b><br>Test class: CalculatorDivTest</td>
<td><div><pre>java.lang.NumberFormatException: Attempt to divide by zero
	at com.epam.tat.module4.Calculator.div(Calculator.java:34)
	at CalculatorDivTest.DivisionByZeroVerivfication(CalculatorDivTest.java:44)
	at sun.reflect.NativeMethodAccessorImpl.invoke0(Native Method)
	at sun.reflect.NativeMethodAccessorImpl.invoke(NativeMethodAccessorImpl.java:62)
	at sun.reflect.DelegatingMethodAccessorImpl.invoke(DelegatingMethodAccessorImpl.java:43)
	at java.lang.reflect.Method.invoke(Method.java:498)
	at org.testng.internal.MethodInvocationHelper.invokeMethod(MethodInvocationHelper.java:85)
	at org.testng.internal.Invoker.invokeMethod(Invoker.java:639)
	at org.testng.internal.Invoker.invokeTestMethod(Invoker.java:816)
	at org.testng.internal.Invoker.invokeTestMethods(Invoker.java:1124)
	at org.testng.internal.TestMethodWorker.invokeTestMethods(TestMethodWorker.java:125)
	at org.testng.internal.TestMethodWorker.run(TestMethodWorker.java:108)
	at java.util.concurrent.ThreadPoolExecutor.runWorker(ThreadPoolExecutor.java:1142)
	at java.util.concurrent.ThreadPoolExecutor$Worker.run(ThreadPoolExecutor.java:617)
	at java.lang.Thread.run(Thread.java:748)
</pre></div><a href='#' onClick='toggleBox("stack-trace1245090700", this, "Click to show all stack frames", "Click to hide stack frames")'>Click to show all stack frames</a>
<div class='stack-trace' id='stack-trace1245090700'><pre>java.lang.NumberFormatException: Attempt to divide by zero
	at com.epam.tat.module4.Calculator.div(Calculator.java:34)
	at CalculatorDivTest.DivisionByZeroVerivfication(CalculatorDivTest.java:44)
	at sun.reflect.NativeMethodAccessorImpl.invoke0(Native Method)
	at sun.reflect.NativeMethodAccessorImpl.invoke(NativeMethodAccessorImpl.java:62)
	at sun.reflect.DelegatingMethodAccessorImpl.invoke(DelegatingMethodAccessorImpl.java:43)
	at java.lang.reflect.Method.invoke(Method.java:498)
	at org.testng.internal.MethodInvocationHelper.invokeMethod(MethodInvocationHelper.java:85)
	at org.testng.internal.Invoker.invokeMethod(Invoker.java:639)
	at org.testng.internal.Invoker.invokeTestMethod(Invoker.java:816)
	at org.testng.internal.Invoker.invokeTestMethods(Invoker.java:1124)
	at org.testng.internal.TestMethodWorker.invokeTestMethods(TestMethodWorker.java:125)
	at org.testng.internal.TestMethodWorker.run(TestMethodWorker.java:108)
	at java.util.concurrent.ThreadPoolExecutor.runWorker(ThreadPoolExecutor.java:1142)
	at java.util.concurrent.ThreadPoolExecutor$Worker.run(ThreadPoolExecutor.java:617)
	at java.lang.Thread.run(Thread.java:748)
</pre></div></td>
<td>0</td>
<td>CalculatorDivTest@29444d75</td></tr>
<tr>
<td title='CalculatorDivTest.DivisionVerivfication()'><b>DivisionVerivfication</b><br>Test class: CalculatorDivTest<br>Parameters: 8, 2, 4</td>
<td></td>
<td>0</td>
<td>CalculatorDivTest@29444d75</td></tr>
<tr>
<td title='CalculatorDivTest.DivisionVerivfication()'><b>DivisionVerivfication</b><br>Test class: CalculatorDivTest<br>Parameters: 5, 1, 5</td>
<td></td>
<td>0</td>
<td>CalculatorDivTest@29444d75</td></tr>
<tr>
<td title='CalculatorDivTest.DivisionVerivfication()'><b>DivisionVerivfication</b><br>Test class: CalculatorDivTest<br>Parameters: 3, -1, -3</td>
<td></td>
<td>0</td>
<td>CalculatorDivTest@29444d75</td></tr>
<tr>
<td title='CalculatorDivTest.DivisionVerivfication()'><b>DivisionVerivfication</b><br>Test class: CalculatorDivTest<br>Parameters: -12, -3, 4</td>
<td></td>
<td>0</td>
<td>CalculatorDivTest@29444d75</td></tr>
<tr>
<td title='CalculatorDivTestDouble.DivisionVerivfication()'><b>DivisionVerivfication</b><br>Test class: CalculatorDivTestDouble<br>Parameters: 7.8, -3.9, -2</td>
<td></td>
<td>0</td>
<td>CalculatorDivTestDouble@2280cdac</td></tr>
<tr>
<td title='CalculatorDivTestDouble.DivisionVerivfication()'><b>DivisionVerivfication</b><br>Test class: CalculatorDivTestDouble<br>Parameters: 1.0, 1.0, 1.0</td>
<td></td>
<td>0</td>
<td>CalculatorDivTestDouble@2280cdac</td></tr>
<tr>
<td title='CalculatorDivTestDouble.DivisionVerivfication()'><b>DivisionVerivfication</b><br>Test class: CalculatorDivTestDouble<br>Parameters: 1, -1.0, -1</td>
<td></td>
<td>0</td>
<td>CalculatorDivTestDouble@2280cdac</td></tr>
<tr>
<td title='CalculatorDivTestDouble.DivisionVerivfication()'><b>DivisionVerivfication</b><br>Test class: CalculatorDivTestDouble<br>Parameters: 1.1, 0, Infinity</td>
<td></td>
<td>0</td>
<td>CalculatorDivTestDouble@2280cdac</td></tr>
<tr>
<td title='CalculatorMultTest.MultiplyVerivfication()'><b>MultiplyVerivfication</b><br>Test class: CalculatorMultTest<br>Parameters: 8, 2, 16</td>
<td></td>
<td>0</td>
<td>CalculatorMultTest@1517365b</td></tr>
<tr>
<td title='CalculatorMultTest.MultiplyVerivfication()'><b>MultiplyVerivfication</b><br>Test class: CalculatorMultTest<br>Parameters: 5, 1, 5</td>
<td></td>
<td>0</td>
<td>CalculatorMultTest@1517365b</td></tr>
<tr>
<td title='CalculatorMultTest.MultiplyVerivfication()'><b>MultiplyVerivfication</b><br>Test class: CalculatorMultTest<br>Parameters: 3, -1, -3</td>
<td></td>
<td>0</td>
<td>CalculatorMultTest@1517365b</td></tr>
<tr>
<td title='CalculatorMultTest.MultiplyVerivfication()'><b>MultiplyVerivfication</b><br>Test class: CalculatorMultTest<br>Parameters: 4, 0, 0</td>
<td></td>
<td>0</td>
<td>CalculatorMultTest@1517365b</td></tr>
<tr>
<td title='CalculatorMultTest.MultiplyVerivfication()'><b>MultiplyVerivfication</b><br>Test class: CalculatorMultTest<br>Parameters: -12, -3, 36</td>
<td></td>
<td>0</td>
<td>CalculatorMultTest@1517365b</td></tr>
<tr>
<td title='CalculatorMultTestDouble.MultiplyVerivfication()'><b>MultiplyVerivfication</b><br>Test class: CalculatorMultTestDouble<br>Parameters: 1.0, 0, 0.0</td>
<td></td>
<td>0</td>
<td>CalculatorMultTestDouble@4fccd51b</td></tr>
<tr>
<td title='CalculatorPowerTest.PowerVerivfication()'><b>PowerVerivfication</b><br>Test class: CalculatorPowerTest<br>Parameters: 1.0, 1.0, 1.0</td>
<td></td>
<td>0</td>
<td>CalculatorPowerTest@44e81672</td></tr>
<tr>
<td title='CalculatorPowerTest.PowerVerivfication()'><b>PowerVerivfication</b><br>Test class: CalculatorPowerTest<br>Parameters: 2, -1, 0.5</td>
<td></td>
<td>0</td>
<td>CalculatorPowerTest@44e81672</td></tr>
<tr>
<td title='CalculatorSubTest.SubtractionVerivfication()'><b>SubtractionVerivfication</b><br>Test class: CalculatorSubTest<br>Parameters: 0, 0, 0</td>
<td></td>
<td>0</td>
<td>CalculatorSubTest@3f102e87</td></tr>
<tr>
<td title='CalculatorSubTest.SubtractionVerivfication()'><b>SubtractionVerivfication</b><br>Test class: CalculatorSubTest<br>Parameters: 1, 1, 0</td>
<td></td>
<td>0</td>
<td>CalculatorSubTest@3f102e87</td></tr>
<tr>
<td title='CalculatorSubTest.SubtractionVerivfication()'><b>SubtractionVerivfication</b><br>Test class: CalculatorSubTest<br>Parameters: 1, -1, 2</td>
<td></td>
<td>0</td>
<td>CalculatorSubTest@3f102e87</td></tr>
<tr>
<td title='CalculatorSubTestDouble.SubtractionVerivfication()'><b>SubtractionVerivfication</b><br>Test class: CalculatorSubTestDouble<br>Parameters: 1.15, -1.3, 2.45</td>
<td></td>
<td>0</td>
<td>CalculatorSubTestDouble@60215eee</td></tr>
<tr>
<td title='CalculatorSubTestDouble.SubtractionVerivfication()'><b>SubtractionVerivfication</b><br>Test class: CalculatorSubTestDouble<br>Parameters: 1.0, 1.0, 0.0</td>
<td></td>
<td>0</td>
<td>CalculatorSubTestDouble@60215eee</td></tr>
<tr>
<td title='CalculatorSubTestDouble.SubtractionVerivfication()'><b>SubtractionVerivfication</b><br>Test class: CalculatorSubTestDouble<br>Parameters: 1, -1, 2</td>
<td></td>
<td>0</td>
<td>CalculatorSubTestDouble@60215eee</td></tr>
<tr>
<td title='CalculatorSumTestDouble.SummaryVerivfication()'><b>SummaryVerivfication</b><br>Test class: CalculatorSumTestDouble<br>Parameters: 1.15, -1.3, -0.15</td>
<td></td>
<td>0</td>
<td>CalculatorSumTestDouble@51016012</td></tr>
<tr>
<td title='CalculatorSumTest.SummaryVerivfication()'><b>SummaryVerivfication</b><br>Test class: CalculatorSumTest<br>Parameters: 0, 0, 0</td>
<td></td>
<td>0</td>
<td>CalculatorSumTest@6fdb1f78</td></tr>
<tr>
<td title='CalculatorSumTestDouble.SummaryVerivfication()'><b>SummaryVerivfication</b><br>Test class: CalculatorSumTestDouble<br>Parameters: 1.0, 1.0, 2.0</td>
<td></td>
<td>0</td>
<td>CalculatorSumTestDouble@51016012</td></tr>
<tr>
<td title='CalculatorSumTest.SummaryVerivfication()'><b>SummaryVerivfication</b><br>Test class: CalculatorSumTest<br>Parameters: 1, 1, 2</td>
<td></td>
<td>0</td>
<td>CalculatorSumTest@6fdb1f78</td></tr>
<tr>
<td title='CalculatorSumTestDouble.SummaryVerivfication()'><b>SummaryVerivfication</b><br>Test class: CalculatorSumTestDouble<br>Parameters: 1, -1, 0</td>
<td></td>
<td>0</td>
<td>CalculatorSumTestDouble@51016012</td></tr>
<tr>
<td title='CalculatorSumTest.SummaryVerivfication()'><b>SummaryVerivfication</b><br>Test class: CalculatorSumTest<br>Parameters: 1, -1, 0</td>
<td></td>
<td>0</td>
<td>CalculatorSumTest@6fdb1f78</td></tr>
</table><p>
</body>
</html>